CRITICAL - 2022-05-11 11:58:27 --> Array to string conversion
#0 C:\wamp64\www\pw3combanco\app\Views\pessoa.php(19): CodeIgniter\Debug\Exceptions->errorHandler(8, 'Array to string...', 'C:\\wamp64\\www\\p...', 19, Array)
#1 C:\wamp64\www\pw3combanco\system\View\View.php(210): include('C:\\wamp64\\www\\p...')
#2 C:\wamp64\www\pw3combanco\system\View\View.php(213): CodeIgniter\View\View->CodeIgniter\View\{closure}()
#3 C:\wamp64\www\pw3combanco\system\Common.php(1089): CodeIgniter\View\View->render('pessoa', Array, true)
#4 C:\wamp64\www\pw3combanco\app\Controllers\Home.php(33): view('pessoa', Array)
#5 C:\wamp64\www\pw3combanco\system\CodeIgniter.php(825): App\Controllers\Home->pessoas()
#6 C:\wamp64\www\pw3combanco\system\CodeIgniter.php(412): CodeIgniter\CodeIgniter->runController(Object(App\Controllers\Home))
#7 C:\wamp64\www\pw3combanco\system\CodeIgniter.php(320): CodeIgniter\CodeIgniter->handleRequest(NULL, Object(Config\Cache), false)
#8 C:\wamp64\www\pw3combanco\public\index.php(37): CodeIgniter\CodeIgniter->run()
#9 C:\wamp64\www\pw3combanco\system\Commands\Server\rewrite.php(43): require_once('C:\\wamp64\\www\\p...')
#10 {main}
CRITICAL - 2022-05-11 11:58:31 --> Array to string conversion
#0 C:\wamp64\www\pw3combanco\app\Views\pessoa.php(19): CodeIgniter\Debug\Exceptions->errorHandler(8, 'Array to string...', 'C:\\wamp64\\www\\p...', 19, Array)
#1 C:\wamp64\www\pw3combanco\system\View\View.php(210): include('C:\\wamp64\\www\\p...')
#2 C:\wamp64\www\pw3combanco\system\View\View.php(213): CodeIgniter\View\View->CodeIgniter\View\{closure}()
#3 C:\wamp64\www\pw3combanco\system\Common.php(1089): CodeIgniter\View\View->render('pessoa', Array, true)
#4 C:\wamp64\www\pw3combanco\app\Controllers\Home.php(33): view('pessoa', Array)
#5 C:\wamp64\www\pw3combanco\system\CodeIgniter.php(825): App\Controllers\Home->pessoas()
#6 C:\wamp64\www\pw3combanco\system\CodeIgniter.php(412): CodeIgniter\CodeIgniter->runController(Object(App\Controllers\Home))
#7 C:\wamp64\www\pw3combanco\system\CodeIgniter.php(320): CodeIgniter\CodeIgniter->handleRequest(NULL, Object(Config\Cache), false)
#8 C:\wamp64\www\pw3combanco\public\index.php(37): CodeIgniter\CodeIgniter->run()
#9 C:\wamp64\www\pw3combanco\system\Commands\Server\rewrite.php(43): require_once('C:\\wamp64\\www\\p...')
#10 {main}
CRITICAL - 2022-05-11 11:58:56 --> Array to string conversion
#0 C:\wamp64\www\pw3combanco\app\Views\pessoa.php(19): CodeIgniter\Debug\Exceptions->errorHandler(8, 'Array to string...', 'C:\\wamp64\\www\\p...', 19, Array)
#1 C:\wamp64\www\pw3combanco\system\View\View.php(210): include('C:\\wamp64\\www\\p...')
#2 C:\wamp64\www\pw3combanco\system\View\View.php(213): CodeIgniter\View\View->CodeIgniter\View\{closure}()
#3 C:\wamp64\www\pw3combanco\system\Common.php(1089): CodeIgniter\View\View->render('pessoa', Array, true)
#4 C:\wamp64\www\pw3combanco\app\Controllers\Home.php(33): view('pessoa', Array)
#5 C:\wamp64\www\pw3combanco\system\CodeIgniter.php(825): App\Controllers\Home->pessoas()
#6 C:\wamp64\www\pw3combanco\system\CodeIgniter.php(412): CodeIgniter\CodeIgniter->runController(Object(App\Controllers\Home))
#7 C:\wamp64\www\pw3combanco\system\CodeIgniter.php(320): CodeIgniter\CodeIgniter->handleRequest(NULL, Object(Config\Cache), false)
#8 C:\wamp64\www\pw3combanco\public\index.php(37): CodeIgniter\CodeIgniter->run()
#9 C:\wamp64\www\pw3combanco\system\Commands\Server\rewrite.php(43): require_once('C:\\wamp64\\www\\p...')
#10 {main}
CRITICAL - 2022-05-11 11:58:57 --> Array to string conversion
#0 C:\wamp64\www\pw3combanco\app\Views\pessoa.php(19): CodeIgniter\Debug\Exceptions->errorHandler(8, 'Array to string...', 'C:\\wamp64\\www\\p...', 19, Array)
#1 C:\wamp64\www\pw3combanco\system\View\View.php(210): include('C:\\wamp64\\www\\p...')
#2 C:\wamp64\www\pw3combanco\system\View\View.php(213): CodeIgniter\View\View->CodeIgniter\View\{closure}()
#3 C:\wamp64\www\pw3combanco\system\Common.php(1089): CodeIgniter\View\View->render('pessoa', Array, true)
#4 C:\wamp64\www\pw3combanco\app\Controllers\Home.php(33): view('pessoa', Array)
#5 C:\wamp64\www\pw3combanco\system\CodeIgniter.php(825): App\Controllers\Home->pessoas()
#6 C:\wamp64\www\pw3combanco\system\CodeIgniter.php(412): CodeIgniter\CodeIgniter->runController(Object(App\Controllers\Home))
#7 C:\wamp64\www\pw3combanco\system\CodeIgniter.php(320): CodeIgniter\CodeIgniter->handleRequest(NULL, Object(Config\Cache), false)
#8 C:\wamp64\www\pw3combanco\public\index.php(37): CodeIgniter\CodeIgniter->run()
#9 C:\wamp64\www\pw3combanco\system\Commands\Server\rewrite.php(43): require_once('C:\\wamp64\\www\\p...')
#10 {main}
CRITICAL - 2022-05-11 11:58:57 --> Array to string conversion
#0 C:\wamp64\www\pw3combanco\app\Views\pessoa.php(19): CodeIgniter\Debug\Exceptions->errorHandler(8, 'Array to string...', 'C:\\wamp64\\www\\p...', 19, Array)
#1 C:\wamp64\www\pw3combanco\system\View\View.php(210): include('C:\\wamp64\\www\\p...')
#2 C:\wamp64\www\pw3combanco\system\View\View.php(213): CodeIgniter\View\View->CodeIgniter\View\{closure}()
#3 C:\wamp64\www\pw3combanco\system\Common.php(1089): CodeIgniter\View\View->render('pessoa', Array, true)
#4 C:\wamp64\www\pw3combanco\app\Controllers\Home.php(33): view('pessoa', Array)
#5 C:\wamp64\www\pw3combanco\system\CodeIgniter.php(825): App\Controllers\Home->pessoas()
#6 C:\wamp64\www\pw3combanco\system\CodeIgniter.php(412): CodeIgniter\CodeIgniter->runController(Object(App\Controllers\Home))
#7 C:\wamp64\www\pw3combanco\system\CodeIgniter.php(320): CodeIgniter\CodeIgniter->handleRequest(NULL, Object(Config\Cache), false)
#8 C:\wamp64\www\pw3combanco\public\index.php(37): CodeIgniter\CodeIgniter->run()
#9 C:\wamp64\www\pw3combanco\system\Commands\Server\rewrite.php(43): require_once('C:\\wamp64\\www\\p...')
#10 {main}
CRITICAL - 2022-05-11 11:58:57 --> Array to string conversion
#0 C:\wamp64\www\pw3combanco\app\Views\pessoa.php(19): CodeIgniter\Debug\Exceptions->errorHandler(8, 'Array to string...', 'C:\\wamp64\\www\\p...', 19, Array)
#1 C:\wamp64\www\pw3combanco\system\View\View.php(210): include('C:\\wamp64\\www\\p...')
#2 C:\wamp64\www\pw3combanco\system\View\View.php(213): CodeIgniter\View\View->CodeIgniter\View\{closure}()
#3 C:\wamp64\www\pw3combanco\system\Common.php(1089): CodeIgniter\View\View->render('pessoa', Array, true)
#4 C:\wamp64\www\pw3combanco\app\Controllers\Home.php(33): view('pessoa', Array)
#5 C:\wamp64\www\pw3combanco\system\CodeIgniter.php(825): App\Controllers\Home->pessoas()
#6 C:\wamp64\www\pw3combanco\system\CodeIgniter.php(412): CodeIgniter\CodeIgniter->runController(Object(App\Controllers\Home))
#7 C:\wamp64\www\pw3combanco\system\CodeIgniter.php(320): CodeIgniter\CodeIgniter->handleRequest(NULL, Object(Config\Cache), false)
#8 C:\wamp64\www\pw3combanco\public\index.php(37): CodeIgniter\CodeIgniter->run()
#9 C:\wamp64\www\pw3combanco\system\Commands\Server\rewrite.php(43): require_once('C:\\wamp64\\www\\p...')
#10 {main}
CRITICAL - 2022-05-11 11:58:57 --> Array to string conversion
#0 C:\wamp64\www\pw3combanco\app\Views\pessoa.php(19): CodeIgniter\Debug\Exceptions->errorHandler(8, 'Array to string...', 'C:\\wamp64\\www\\p...', 19, Array)
#1 C:\wamp64\www\pw3combanco\system\View\View.php(210): include('C:\\wamp64\\www\\p...')
#2 C:\wamp64\www\pw3combanco\system\View\View.php(213): CodeIgniter\View\View->CodeIgniter\View\{closure}()
#3 C:\wamp64\www\pw3combanco\system\Common.php(1089): CodeIgniter\View\View->render('pessoa', Array, true)
#4 C:\wamp64\www\pw3combanco\app\Controllers\Home.php(33): view('pessoa', Array)
#5 C:\wamp64\www\pw3combanco\system\CodeIgniter.php(825): App\Controllers\Home->pessoas()
#6 C:\wamp64\www\pw3combanco\system\CodeIgniter.php(412): CodeIgniter\CodeIgniter->runController(Object(App\Controllers\Home))
#7 C:\wamp64\www\pw3combanco\system\CodeIgniter.php(320): CodeIgniter\CodeIgniter->handleRequest(NULL, Object(Config\Cache), false)
#8 C:\wamp64\www\pw3combanco\public\index.php(37): CodeIgniter\CodeIgniter->run()
#9 C:\wamp64\www\pw3combanco\system\Commands\Server\rewrite.php(43): require_once('C:\\wamp64\\www\\p...')
#10 {main}
CRITICAL - 2022-05-11 11:58:58 --> Array to string conversion
#0 C:\wamp64\www\pw3combanco\app\Views\pessoa.php(19): CodeIgniter\Debug\Exceptions->errorHandler(8, 'Array to string...', 'C:\\wamp64\\www\\p...', 19, Array)
#1 C:\wamp64\www\pw3combanco\system\View\View.php(210): include('C:\\wamp64\\www\\p...')
#2 C:\wamp64\www\pw3combanco\system\View\View.php(213): CodeIgniter\View\View->CodeIgniter\View\{closure}()
#3 C:\wamp64\www\pw3combanco\system\Common.php(1089): CodeIgniter\View\View->render('pessoa', Array, true)
#4 C:\wamp64\www\pw3combanco\app\Controllers\Home.php(33): view('pessoa', Array)
#5 C:\wamp64\www\pw3combanco\system\CodeIgniter.php(825): App\Controllers\Home->pessoas()
#6 C:\wamp64\www\pw3combanco\system\CodeIgniter.php(412): CodeIgniter\CodeIgniter->runController(Object(App\Controllers\Home))
#7 C:\wamp64\www\pw3combanco\system\CodeIgniter.php(320): CodeIgniter\CodeIgniter->handleRequest(NULL, Object(Config\Cache), false)
#8 C:\wamp64\www\pw3combanco\public\index.php(37): CodeIgniter\CodeIgniter->run()
#9 C:\wamp64\www\pw3combanco\system\Commands\Server\rewrite.php(43): require_once('C:\\wamp64\\www\\p...')
#10 {main}
CRITICAL - 2022-05-11 11:58:58 --> Array to string conversion
#0 C:\wamp64\www\pw3combanco\app\Views\pessoa.php(19): CodeIgniter\Debug\Exceptions->errorHandler(8, 'Array to string...', 'C:\\wamp64\\www\\p...', 19, Array)
#1 C:\wamp64\www\pw3combanco\system\View\View.php(210): include('C:\\wamp64\\www\\p...')
#2 C:\wamp64\www\pw3combanco\system\View\View.php(213): CodeIgniter\View\View->CodeIgniter\View\{closure}()
#3 C:\wamp64\www\pw3combanco\system\Common.php(1089): CodeIgniter\View\View->render('pessoa', Array, true)
#4 C:\wamp64\www\pw3combanco\app\Controllers\Home.php(33): view('pessoa', Array)
#5 C:\wamp64\www\pw3combanco\system\CodeIgniter.php(825): App\Controllers\Home->pessoas()
#6 C:\wamp64\www\pw3combanco\system\CodeIgniter.php(412): CodeIgniter\CodeIgniter->runController(Object(App\Controllers\Home))
#7 C:\wamp64\www\pw3combanco\system\CodeIgniter.php(320): CodeIgniter\CodeIgniter->handleRequest(NULL, Object(Config\Cache), false)
#8 C:\wamp64\www\pw3combanco\public\index.php(37): CodeIgniter\CodeIgniter->run()
#9 C:\wamp64\www\pw3combanco\system\Commands\Server\rewrite.php(43): require_once('C:\\wamp64\\www\\p...')
#10 {main}
CRITICAL - 2022-05-11 11:58:58 --> Array to string conversion
#0 C:\wamp64\www\pw3combanco\app\Views\pessoa.php(19): CodeIgniter\Debug\Exceptions->errorHandler(8, 'Array to string...', 'C:\\wamp64\\www\\p...', 19, Array)
#1 C:\wamp64\www\pw3combanco\system\View\View.php(210): include('C:\\wamp64\\www\\p...')
#2 C:\wamp64\www\pw3combanco\system\View\View.php(213): CodeIgniter\View\View->CodeIgniter\View\{closure}()
#3 C:\wamp64\www\pw3combanco\system\Common.php(1089): CodeIgniter\View\View->render('pessoa', Array, true)
#4 C:\wamp64\www\pw3combanco\app\Controllers\Home.php(33): view('pessoa', Array)
#5 C:\wamp64\www\pw3combanco\system\CodeIgniter.php(825): App\Controllers\Home->pessoas()
#6 C:\wamp64\www\pw3combanco\system\CodeIgniter.php(412): CodeIgniter\CodeIgniter->runController(Object(App\Controllers\Home))
#7 C:\wamp64\www\pw3combanco\system\CodeIgniter.php(320): CodeIgniter\CodeIgniter->handleRequest(NULL, Object(Config\Cache), false)
#8 C:\wamp64\www\pw3combanco\public\index.php(37): CodeIgniter\CodeIgniter->run()
#9 C:\wamp64\www\pw3combanco\system\Commands\Server\rewrite.php(43): require_once('C:\\wamp64\\www\\p...')
#10 {main}
CRITICAL - 2022-05-11 11:58:58 --> Array to string conversion
#0 C:\wamp64\www\pw3combanco\app\Views\pessoa.php(19): CodeIgniter\Debug\Exceptions->errorHandler(8, 'Array to string...', 'C:\\wamp64\\www\\p...', 19, Array)
#1 C:\wamp64\www\pw3combanco\system\View\View.php(210): include('C:\\wamp64\\www\\p...')
#2 C:\wamp64\www\pw3combanco\system\View\View.php(213): CodeIgniter\View\View->CodeIgniter\View\{closure}()
#3 C:\wamp64\www\pw3combanco\system\Common.php(1089): CodeIgniter\View\View->render('pessoa', Array, true)
#4 C:\wamp64\www\pw3combanco\app\Controllers\Home.php(33): view('pessoa', Array)
#5 C:\wamp64\www\pw3combanco\system\CodeIgniter.php(825): App\Controllers\Home->pessoas()
#6 C:\wamp64\www\pw3combanco\system\CodeIgniter.php(412): CodeIgniter\CodeIgniter->runController(Object(App\Controllers\Home))
#7 C:\wamp64\www\pw3combanco\system\CodeIgniter.php(320): CodeIgniter\CodeIgniter->handleRequest(NULL, Object(Config\Cache), false)
#8 C:\wamp64\www\pw3combanco\public\index.php(37): CodeIgniter\CodeIgniter->run()
#9 C:\wamp64\www\pw3combanco\system\Commands\Server\rewrite.php(43): require_once('C:\\wamp64\\www\\p...')
#10 {main}
CRITICAL - 2022-05-11 11:58:58 --> Array to string conversion
#0 C:\wamp64\www\pw3combanco\app\Views\pessoa.php(19): CodeIgniter\Debug\Exceptions->errorHandler(8, 'Array to string...', 'C:\\wamp64\\www\\p...', 19, Array)
#1 C:\wamp64\www\pw3combanco\system\View\View.php(210): include('C:\\wamp64\\www\\p...')
#2 C:\wamp64\www\pw3combanco\system\View\View.php(213): CodeIgniter\View\View->CodeIgniter\View\{closure}()
#3 C:\wamp64\www\pw3combanco\system\Common.php(1089): CodeIgniter\View\View->render('pessoa', Array, true)
#4 C:\wamp64\www\pw3combanco\app\Controllers\Home.php(33): view('pessoa', Array)
#5 C:\wamp64\www\pw3combanco\system\CodeIgniter.php(825): App\Controllers\Home->pessoas()
#6 C:\wamp64\www\pw3combanco\system\CodeIgniter.php(412): CodeIgniter\CodeIgniter->runController(Object(App\Controllers\Home))
#7 C:\wamp64\www\pw3combanco\system\CodeIgniter.php(320): CodeIgniter\CodeIgniter->handleRequest(NULL, Object(Config\Cache), false)
#8 C:\wamp64\www\pw3combanco\public\index.php(37): CodeIgniter\CodeIgniter->run()
#9 C:\wamp64\www\pw3combanco\system\Commands\Server\rewrite.php(43): require_once('C:\\wamp64\\www\\p...')
#10 {main}
CRITICAL - 2022-05-11 11:58:58 --> Array to string conversion
#0 C:\wamp64\www\pw3combanco\app\Views\pessoa.php(19): CodeIgniter\Debug\Exceptions->errorHandler(8, 'Array to string...', 'C:\\wamp64\\www\\p...', 19, Array)
#1 C:\wamp64\www\pw3combanco\system\View\View.php(210): include('C:\\wamp64\\www\\p...')
#2 C:\wamp64\www\pw3combanco\system\View\View.php(213): CodeIgniter\View\View->CodeIgniter\View\{closure}()
#3 C:\wamp64\www\pw3combanco\system\Common.php(1089): CodeIgniter\View\View->render('pessoa', Array, true)
#4 C:\wamp64\www\pw3combanco\app\Controllers\Home.php(33): view('pessoa', Array)
#5 C:\wamp64\www\pw3combanco\system\CodeIgniter.php(825): App\Controllers\Home->pessoas()
#6 C:\wamp64\www\pw3combanco\system\CodeIgniter.php(412): CodeIgniter\CodeIgniter->runController(Object(App\Controllers\Home))
#7 C:\wamp64\www\pw3combanco\system\CodeIgniter.php(320): CodeIgniter\CodeIgniter->handleRequest(NULL, Object(Config\Cache), false)
#8 C:\wamp64\www\pw3combanco\public\index.php(37): CodeIgniter\CodeIgniter->run()
#9 C:\wamp64\www\pw3combanco\system\Commands\Server\rewrite.php(43): require_once('C:\\wamp64\\www\\p...')
#10 {main}
CRITICAL - 2022-05-11 11:59:02 --> Invalid file: pessoas.php
#0 C:\wamp64\www\pw3combanco\system\View\View.php(198): CodeIgniter\Exceptions\FrameworkException::forInvalidFile('pessoas.php')
#1 C:\wamp64\www\pw3combanco\system\Common.php(1089): CodeIgniter\View\View->render('pessoas', Array, true)
#2 C:\wamp64\www\pw3combanco\app\Controllers\Home.php(19): view('pessoas')
#3 C:\wamp64\www\pw3combanco\system\CodeIgniter.php(825): App\Controllers\Home->page('pessoas')
#4 C:\wamp64\www\pw3combanco\system\CodeIgniter.php(412): CodeIgniter\CodeIgniter->runController(Object(App\Controllers\Home))
#5 C:\wamp64\www\pw3combanco\system\CodeIgniter.php(320): CodeIgniter\CodeIgniter->handleRequest(NULL, Object(Config\Cache), false)
#6 C:\wamp64\www\pw3combanco\public\index.php(37): CodeIgniter\CodeIgniter->run()
#7 C:\wamp64\www\pw3combanco\system\Commands\Server\rewrite.php(43): require_once('C:\\wamp64\\www\\p...')
#8 {main}
CRITICAL - 2022-05-11 11:59:06 --> Array to string conversion
#0 C:\wamp64\www\pw3combanco\app\Views\pessoa.php(19): CodeIgniter\Debug\Exceptions->errorHandler(8, 'Array to string...', 'C:\\wamp64\\www\\p...', 19, Array)
#1 C:\wamp64\www\pw3combanco\system\View\View.php(210): include('C:\\wamp64\\www\\p...')
#2 C:\wamp64\www\pw3combanco\system\View\View.php(213): CodeIgniter\View\View->CodeIgniter\View\{closure}()
#3 C:\wamp64\www\pw3combanco\system\Common.php(1089): CodeIgniter\View\View->render('pessoa', Array, true)
#4 C:\wamp64\www\pw3combanco\app\Controllers\Home.php(33): view('pessoa', Array)
#5 C:\wamp64\www\pw3combanco\system\CodeIgniter.php(825): App\Controllers\Home->pessoas()
#6 C:\wamp64\www\pw3combanco\system\CodeIgniter.php(412): CodeIgniter\CodeIgniter->runController(Object(App\Controllers\Home))
#7 C:\wamp64\www\pw3combanco\system\CodeIgniter.php(320): CodeIgniter\CodeIgniter->handleRequest(NULL, Object(Config\Cache), false)
#8 C:\wamp64\www\pw3combanco\public\index.php(37): CodeIgniter\CodeIgniter->run()
#9 C:\wamp64\www\pw3combanco\system\Commands\Server\rewrite.php(43): require_once('C:\\wamp64\\www\\p...')
#10 {main}
CRITICAL - 2022-05-11 12:26:54 --> Undefined variable: id
#0 C:\wamp64\www\pw3combanco\app\Models\PessoasModel.php(17): CodeIgniter\Debug\Exceptions->errorHandler(8, 'Undefined varia...', 'C:\\wamp64\\www\\p...', 17, Array)
#1 C:\wamp64\www\pw3combanco\app\Controllers\Home.php(66): App\Models\PessoasModel->getPessoa()
#2 C:\wamp64\www\pw3combanco\system\CodeIgniter.php(825): App\Controllers\Home->editar('6')
#3 C:\wamp64\www\pw3combanco\system\CodeIgniter.php(412): CodeIgniter\CodeIgniter->runController(Object(App\Controllers\Home))
#4 C:\wamp64\www\pw3combanco\system\CodeIgniter.php(320): CodeIgniter\CodeIgniter->handleRequest(NULL, Object(Config\Cache), false)
#5 C:\wamp64\www\pw3combanco\public\index.php(37): CodeIgniter\CodeIgniter->run()
#6 C:\wamp64\www\pw3combanco\system\Commands\Server\rewrite.php(43): require_once('C:\\wamp64\\www\\p...')
#7 {main}
CRITICAL - 2022-05-11 12:28:19 --> Undefined variable: id
#0 C:\wamp64\www\pw3combanco\app\Models\PessoasModel.php(17): CodeIgniter\Debug\Exceptions->errorHandler(8, 'Undefined varia...', 'C:\\wamp64\\www\\p...', 17, Array)
#1 C:\wamp64\www\pw3combanco\app\Controllers\Home.php(66): App\Models\PessoasModel->getPessoa()
#2 C:\wamp64\www\pw3combanco\system\CodeIgniter.php(825): App\Controllers\Home->editar('6')
#3 C:\wamp64\www\pw3combanco\system\CodeIgniter.php(412): CodeIgniter\CodeIgniter->runController(Object(App\Controllers\Home))
#4 C:\wamp64\www\pw3combanco\system\CodeIgniter.php(320): CodeIgniter\CodeIgniter->handleRequest(NULL, Object(Config\Cache), false)
#5 C:\wamp64\www\pw3combanco\public\index.php(37): CodeIgniter\CodeIgniter->run()
#6 C:\wamp64\www\pw3combanco\system\Commands\Server\rewrite.php(43): require_once('C:\\wamp64\\www\\p...')
#7 {main}
CRITICAL - 2022-05-11 12:28:23 --> Undefined variable: id
#0 C:\wamp64\www\pw3combanco\app\Models\PessoasModel.php(17): CodeIgniter\Debug\Exceptions->errorHandler(8, 'Undefined varia...', 'C:\\wamp64\\www\\p...', 17, Array)
#1 C:\wamp64\www\pw3combanco\app\Controllers\Home.php(66): App\Models\PessoasModel->getPessoa()
#2 C:\wamp64\www\pw3combanco\system\CodeIgniter.php(825): App\Controllers\Home->editar('6')
#3 C:\wamp64\www\pw3combanco\system\CodeIgniter.php(412): CodeIgniter\CodeIgniter->runController(Object(App\Controllers\Home))
#4 C:\wamp64\www\pw3combanco\system\CodeIgniter.php(320): CodeIgniter\CodeIgniter->handleRequest(NULL, Object(Config\Cache), false)
#5 C:\wamp64\www\pw3combanco\public\index.php(37): CodeIgniter\CodeIgniter->run()
#6 C:\wamp64\www\pw3combanco\system\Commands\Server\rewrite.php(43): require_once('C:\\wamp64\\www\\p...')
#7 {main}
CRITICAL - 2022-05-11 12:33:31 --> Undefined variable: id
#0 C:\wamp64\www\pw3combanco\app\Models\PessoasModel.php(17): CodeIgniter\Debug\Exceptions->errorHandler(8, 'Undefined varia...', 'C:\\wamp64\\www\\p...', 17, Array)
#1 C:\wamp64\www\pw3combanco\app\Controllers\Home.php(66): App\Models\PessoasModel->getPessoa()
#2 C:\wamp64\www\pw3combanco\system\CodeIgniter.php(825): App\Controllers\Home->editar('6')
#3 C:\wamp64\www\pw3combanco\system\CodeIgniter.php(412): CodeIgniter\CodeIgniter->runController(Object(App\Controllers\Home))
#4 C:\wamp64\www\pw3combanco\system\CodeIgniter.php(320): CodeIgniter\CodeIgniter->handleRequest(NULL, Object(Config\Cache), false)
#5 C:\wamp64\www\pw3combanco\public\index.php(37): CodeIgniter\CodeIgniter->run()
#6 C:\wamp64\www\pw3combanco\system\Commands\Server\rewrite.php(43): require_once('C:\\wamp64\\www\\p...')
#7 {main}
CRITICAL - 2022-05-11 12:42:25 --> Too few arguments to function App\Models\PessoasModel::getPessoa(), 0 passed in C:\wamp64\www\pw3combanco\app\Controllers\Home.php on line 66 and exactly 1 expected
#0 C:\wamp64\www\pw3combanco\app\Controllers\Home.php(66): App\Models\PessoasModel->getPessoa()
#1 C:\wamp64\www\pw3combanco\system\CodeIgniter.php(825): App\Controllers\Home->editar('6')
#2 C:\wamp64\www\pw3combanco\system\CodeIgniter.php(412): CodeIgniter\CodeIgniter->runController(Object(App\Controllers\Home))
#3 C:\wamp64\www\pw3combanco\system\CodeIgniter.php(320): CodeIgniter\CodeIgniter->handleRequest(NULL, Object(Config\Cache), false)
#4 C:\wamp64\www\pw3combanco\public\index.php(37): CodeIgniter\CodeIgniter->run()
#5 C:\wamp64\www\pw3combanco\system\Commands\Server\rewrite.php(43): require_once('C:\\wamp64\\www\\p...')
#6 {main}
CRITICAL - 2022-05-11 12:42:31 --> Too few arguments to function App\Models\PessoasModel::getPessoa(), 0 passed in C:\wamp64\www\pw3combanco\app\Controllers\Home.php on line 66 and exactly 1 expected
#0 C:\wamp64\www\pw3combanco\app\Controllers\Home.php(66): App\Models\PessoasModel->getPessoa()
#1 C:\wamp64\www\pw3combanco\system\CodeIgniter.php(825): App\Controllers\Home->editar('6')
#2 C:\wamp64\www\pw3combanco\system\CodeIgniter.php(412): CodeIgniter\CodeIgniter->runController(Object(App\Controllers\Home))
#3 C:\wamp64\www\pw3combanco\system\CodeIgniter.php(320): CodeIgniter\CodeIgniter->handleRequest(NULL, Object(Config\Cache), false)
#4 C:\wamp64\www\pw3combanco\public\index.php(37): CodeIgniter\CodeIgniter->run()
#5 C:\wamp64\www\pw3combanco\system\Commands\Server\rewrite.php(43): require_once('C:\\wamp64\\www\\p...')
#6 {main}
CRITICAL - 2022-05-11 12:43:14 --> Undefined variable: pessa
#0 C:\wamp64\www\pw3combanco\app\Views\cadastro-pessoas.php(13): CodeIgniter\Debug\Exceptions->errorHandler(8, 'Undefined varia...', 'C:\\wamp64\\www\\p...', 13, Array)
#1 C:\wamp64\www\pw3combanco\system\View\View.php(210): include('C:\\wamp64\\www\\p...')
#2 C:\wamp64\www\pw3combanco\system\View\View.php(213): CodeIgniter\View\View->CodeIgniter\View\{closure}()
#3 C:\wamp64\www\pw3combanco\system\Common.php(1089): CodeIgniter\View\View->render('cadastro-pessoa...', Array, true)
#4 C:\wamp64\www\pw3combanco\app\Controllers\Home.php(70): view('cadastro-pessoa...', Array)
#5 C:\wamp64\www\pw3combanco\system\CodeIgniter.php(825): App\Controllers\Home->editar('6')
#6 C:\wamp64\www\pw3combanco\system\CodeIgniter.php(412): CodeIgniter\CodeIgniter->runController(Object(App\Controllers\Home))
#7 C:\wamp64\www\pw3combanco\system\CodeIgniter.php(320): CodeIgniter\CodeIgniter->handleRequest(NULL, Object(Config\Cache), false)
#8 C:\wamp64\www\pw3combanco\public\index.php(37): CodeIgniter\CodeIgniter->run()
#9 C:\wamp64\www\pw3combanco\system\Commands\Server\rewrite.php(43): require_once('C:\\wamp64\\www\\p...')
#10 {main}
CRITICAL - 2022-05-11 12:43:17 --> Undefined variable: pessa
#0 C:\wamp64\www\pw3combanco\app\Views\cadastro-pessoas.php(13): CodeIgniter\Debug\Exceptions->errorHandler(8, 'Undefined varia...', 'C:\\wamp64\\www\\p...', 13, Array)
#1 C:\wamp64\www\pw3combanco\system\View\View.php(210): include('C:\\wamp64\\www\\p...')
#2 C:\wamp64\www\pw3combanco\system\View\View.php(213): CodeIgniter\View\View->CodeIgniter\View\{closure}()
#3 C:\wamp64\www\pw3combanco\system\Common.php(1089): CodeIgniter\View\View->render('cadastro-pessoa...', Array, true)
#4 C:\wamp64\www\pw3combanco\app\Controllers\Home.php(70): view('cadastro-pessoa...', Array)
#5 C:\wamp64\www\pw3combanco\system\CodeIgniter.php(825): App\Controllers\Home->editar('6')
#6 C:\wamp64\www\pw3combanco\system\CodeIgniter.php(412): CodeIgniter\CodeIgniter->runController(Object(App\Controllers\Home))
#7 C:\wamp64\www\pw3combanco\system\CodeIgniter.php(320): CodeIgniter\CodeIgniter->handleRequest(NULL, Object(Config\Cache), false)
#8 C:\wamp64\www\pw3combanco\public\index.php(37): CodeIgniter\CodeIgniter->run()
#9 C:\wamp64\www\pw3combanco\system\Commands\Server\rewrite.php(43): require_once('C:\\wamp64\\www\\p...')
#10 {main}
