ERROR - 2022-05-04 11:44:24 --> Error connecting to the database: Unknown database 'teste'
CRITICAL - 2022-05-04 12:16:28 --> Invalid file: css.php
#0 C:\wamp64\www\pw3combanco\system\View\View.php(198): CodeIgniter\Exceptions\FrameworkException::forInvalidFile('css.php')
#1 C:\wamp64\www\pw3combanco\system\Common.php(1089): CodeIgniter\View\View->render('css', Array, true)
#2 C:\wamp64\www\pw3combanco\app\Controllers\Home.php(19): view('css')
#3 C:\wamp64\www\pw3combanco\system\CodeIgniter.php(825): App\Controllers\Home->page('css', 'index.css')
#4 C:\wamp64\www\pw3combanco\system\CodeIgniter.php(412): CodeIgniter\CodeIgniter->runController(Object(App\Controllers\Home))
#5 C:\wamp64\www\pw3combanco\system\CodeIgniter.php(320): CodeIgniter\CodeIgniter->handleRequest(NULL, Object(Config\Cache), false)
#6 C:\wamp64\www\pw3combanco\public\index.php(37): CodeIgniter\CodeIgniter->run()
#7 C:\wamp64\www\pw3combanco\system\Commands\Server\rewrite.php(43): require_once('C:\\wamp64\\www\\p...')
#8 {main}
CRITICAL - 2022-05-04 12:16:28 --> Invalid file: js.php
#0 C:\wamp64\www\pw3combanco\system\View\View.php(198): CodeIgniter\Exceptions\FrameworkException::forInvalidFile('js.php')
#1 C:\wamp64\www\pw3combanco\system\Common.php(1089): CodeIgniter\View\View->render('js', Array, true)
#2 C:\wamp64\www\pw3combanco\app\Controllers\Home.php(19): view('js')
#3 C:\wamp64\www\pw3combanco\system\CodeIgniter.php(825): App\Controllers\Home->page('js', 'index.js')
#4 C:\wamp64\www\pw3combanco\system\CodeIgniter.php(412): CodeIgniter\CodeIgniter->runController(Object(App\Controllers\Home))
#5 C:\wamp64\www\pw3combanco\system\CodeIgniter.php(320): CodeIgniter\CodeIgniter->handleRequest(NULL, Object(Config\Cache), false)
#6 C:\wamp64\www\pw3combanco\public\index.php(37): CodeIgniter\CodeIgniter->run()
#7 C:\wamp64\www\pw3combanco\system\Commands\Server\rewrite.php(43): require_once('C:\\wamp64\\www\\p...')
#8 {main}
CRITICAL - 2022-05-04 12:51:12 --> Call to undefined function App\Controllers\save()
#0 C:\wamp64\www\pw3combanco\system\CodeIgniter.php(825): App\Controllers\Home->gravar()
#1 C:\wamp64\www\pw3combanco\system\CodeIgniter.php(412): CodeIgniter\CodeIgniter->runController(Object(App\Controllers\Home))
#2 C:\wamp64\www\pw3combanco\system\CodeIgniter.php(320): CodeIgniter\CodeIgniter->handleRequest(NULL, Object(Config\Cache), false)
#3 C:\wamp64\www\pw3combanco\public\index.php(37): CodeIgniter\CodeIgniter->run()
#4 C:\wamp64\www\pw3combanco\system\Commands\Server\rewrite.php(43): require_once('C:\\wamp64\\www\\p...')
#5 {main}
CRITICAL - 2022-05-04 12:52:58 --> Call to undefined function App\Controllers\save()
#0 C:\wamp64\www\pw3combanco\system\CodeIgniter.php(825): App\Controllers\Home->gravar()
#1 C:\wamp64\www\pw3combanco\system\CodeIgniter.php(412): CodeIgniter\CodeIgniter->runController(Object(App\Controllers\Home))
#2 C:\wamp64\www\pw3combanco\system\CodeIgniter.php(320): CodeIgniter\CodeIgniter->handleRequest(NULL, Object(Config\Cache), false)
#3 C:\wamp64\www\pw3combanco\public\index.php(37): CodeIgniter\CodeIgniter->run()
#4 C:\wamp64\www\pw3combanco\system\Commands\Server\rewrite.php(43): require_once('C:\\wamp64\\www\\p...')
#5 {main}
CRITICAL - 2022-05-04 12:55:07 --> Call to undefined function App\Controllers\save()
#0 C:\wamp64\www\pw3combanco\system\CodeIgniter.php(825): App\Controllers\Home->gravar()
#1 C:\wamp64\www\pw3combanco\system\CodeIgniter.php(412): CodeIgniter\CodeIgniter->runController(Object(App\Controllers\Home))
#2 C:\wamp64\www\pw3combanco\system\CodeIgniter.php(320): CodeIgniter\CodeIgniter->handleRequest(NULL, Object(Config\Cache), false)
#3 C:\wamp64\www\pw3combanco\public\index.php(37): CodeIgniter\CodeIgniter->run()
#4 C:\wamp64\www\pw3combanco\system\Commands\Server\rewrite.php(43): require_once('C:\\wamp64\\www\\p...')
#5 {main}
CRITICAL - 2022-05-04 12:56:36 --> Call to undefined function App\Controllers\save()
#0 C:\wamp64\www\pw3combanco\system\CodeIgniter.php(825): App\Controllers\Home->gravar()
#1 C:\wamp64\www\pw3combanco\system\CodeIgniter.php(412): CodeIgniter\CodeIgniter->runController(Object(App\Controllers\Home))
#2 C:\wamp64\www\pw3combanco\system\CodeIgniter.php(320): CodeIgniter\CodeIgniter->handleRequest(NULL, Object(Config\Cache), false)
#3 C:\wamp64\www\pw3combanco\public\index.php(37): CodeIgniter\CodeIgniter->run()
#4 C:\wamp64\www\pw3combanco\system\Commands\Server\rewrite.php(43): require_once('C:\\wamp64\\www\\p...')
#5 {main}
